<?xml version='1.0' encoding='UTF-8'?>
<testsuite hostname="sharedparsa-OptiPlex-9020M-215-5" name="MultiplicationSpec" tests="1" errors="0" failures="1" skipped="0" time="2.617" timestamp="2023-05-12T11:05:28">
          <properties>
[...]
</properties>
          <testcase classname="MultiplicationSpec" name="mult should pass" time="2.617">
                      <failure message="None.get" type="java.util.NoSuchElementException">java.util.NoSuchElementException: None.get
	at scala.None$.get(Option.scala:627)
	at scala.None$.get(Option.scala:626)
	at chisel3.Data.litValue(Data.scala:836)
	at MultiplicationSpec.$anonfun$new$3(multSpec.scala:11)
	at MultiplicationSpec.$anonfun$new$3$adapted(multSpec.scala:8)
	at chiseltest.internal.GenericBackend.$anonfun$run$1(GenericBackend.scala:153)
	at chiseltest.internal.ThreadedBackend$TesterThread$$anon$1.$anonfun$run$1(ThreadedBackend.scala:495)
	at chiseltest.internal.GenericBackend.doTimescope(GenericBackend.scala:98)
	at chiseltest.internal.ThreadedBackend$TesterThread$$anon$1.run(ThreadedBackend.scala:495)
	at java.base/java.lang.Thread.run(Thread.java:829)
</failure>
                    </testcase>
          <system-out><![CDATA[]]></system-out>
          <system-err><![CDATA[]]></system-err>
        </testsuite>