[0m[[0m[0mdebug[0m] [0m[0mRunning TaskDef(HBFPSpec, org.scalatest.tools.Framework$$anon$1@a201033, false, [SuiteSelector])[0m
[0m[[0m[0minfo[0m] [0m[0m[32mHBFPSpec:[0m[0m
[0m[[0m[0minfo[0m] [0m[0m[32mmult[0m[0m
[0m[[0m[0minfo[0m] [0m[0m[31m- should pass *** FAILED ***[0m[0m
[0m[[0m[0minfo[0m] [0m[0m[31m  io_result=8193 (0x2001) did not equal expected=2 (0x2) (lines in multSpec.scala: 24, 8) (multSpec.scala:24)[0m[0m
[0m[[0m[0minfo[0m] [0m[0m[36mRun completed in 3 seconds, 200 milliseconds.[0m[0m
[0m[[0m[0minfo[0m] [0m[0m[36mTotal number of tests run: 1[0m[0m
[0m[[0m[0minfo[0m] [0m[0m[36mSuites: completed 1, aborted 0[0m[0m
[0m[[0m[0minfo[0m] [0m[0m[36mTests: succeeded 0, failed 1, canceled 0, ignored 0, pending 0[0m[0m
[0m[[0m[0minfo[0m] [0m[0m[31m*** 1 TEST FAILED ***[0m[0m
[0m[[0m[31merror[0m] [0m[0mFailed tests:[0m
[0m[[0m[31merror[0m] [0m[0m	HBFPSpec[0m
[0m[[0m[31merror[0m] [0m[0m(Test / [31mtest[0m) sbt.TestsFailedException: Tests unsuccessful[0m
