[0m[[0m[0mdebug[0m] [0m[0mRunning TaskDef(HbfpSpec, org.scalatest.tools.Framework$$anon$1@1980a76d, false, [SuiteSelector])[0m
[0m[[0m[0minfo[0m] [0m[0m[32mHbfpSpec:[0m[0m
[0m[[0m[0minfo[0m] [0m[0m[32mmult[0m[0m
[0m[[0m[0minfo[0m] [0m[0m[31m- should pass *** FAILED ***[0m[0m
[0m[[0m[0minfo[0m] [0m[0m[31m  io_out_0_12_result_sign=1 (0x1) did not equal expected=0 (0x0) (lines in MatMul_spec.scala: 67, 66, 65, 24) (MatMul_spec.scala:67)[0m[0m
[0m[[0m[0minfo[0m] [0m[0m[36mRun completed in 2 minutes, 11 seconds.[0m[0m
[0m[[0m[0minfo[0m] [0m[0m[36mTotal number of tests run: 1[0m[0m
[0m[[0m[0minfo[0m] [0m[0m[36mSuites: completed 1, aborted 0[0m[0m
[0m[[0m[0minfo[0m] [0m[0m[36mTests: succeeded 0, failed 1, canceled 0, ignored 0, pending 0[0m[0m
[0m[[0m[0minfo[0m] [0m[0m[31m*** 1 TEST FAILED ***[0m[0m
[0m[[0m[31merror[0m] [0m[0mFailed tests:[0m
[0m[[0m[31merror[0m] [0m[0m	HbfpSpec[0m
[0m[[0m[31merror[0m] [0m[0m(Test / [31mtest[0m) sbt.TestsFailedException: Tests unsuccessful[0m
