<?xml version='1.0' encoding='UTF-8'?>
<testsuite hostname="iccluster109" name="HbfpSpec" tests="1" errors="0" failures="1" skipped="0" time="130.864" timestamp="2023-07-12T09:02:52">
          <properties>
[...]
</properties>
          <testcase classname="HbfpSpec" name="mult should pass" time="130.864">
                      <failure message="io_out_0_12_result_sign=1 (0x1) did not equal expected=0 (0x0) (lines in MatMul_spec.scala: 67, 66, 65, 24)" type="org.scalatest.exceptions.TestFailedException">org.scalatest.exceptions.TestFailedException: io_out_0_12_result_sign=1 (0x1) did not equal expected=0 (0x0) (lines in MatMul_spec.scala: 67, 66, 65, 24)
	at chiseltest.internal.TestEnvInterface.signalExpectFailure(TestEnvInterface.scala:60)
	at chiseltest.internal.TestEnvInterface.signalExpectFailure$(TestEnvInterface.scala:45)
	at HbfpSpec.signalExpectFailure(MatMul_spec.scala:17)
	at chiseltest.package$Utils$.expectFailed(package.scala:499)
	at chiseltest.package$Utils$.expectBits(package.scala:490)
	at chiseltest.package$testableUInt.expectInternal(package.scala:55)
	at chiseltest.package$testableUInt.expect(package.scala:57)
	at HbfpSpec.$anonfun$new$18(MatMul_spec.scala:67)
	at scala.collection.immutable.Range.foreach$mVc$sp(Range.scala:190)
	at HbfpSpec.$anonfun$new$17(MatMul_spec.scala:66)
	at scala.collection.immutable.Range.foreach$mVc$sp(Range.scala:190)
	at HbfpSpec.$anonfun$new$3(MatMul_spec.scala:65)
	at HbfpSpec.$anonfun$new$3$adapted(MatMul_spec.scala:24)
	at chiseltest.internal.GenericBackend.$anonfun$run$1(GenericBackend.scala:153)
	at chiseltest.internal.ThreadedBackend$TesterThread$$anon$1.$anonfun$run$1(ThreadedBackend.scala:495)
	at chiseltest.internal.GenericBackend.doTimescope(GenericBackend.scala:98)
	at chiseltest.internal.ThreadedBackend$TesterThread$$anon$1.run(ThreadedBackend.scala:495)
	at java.base/java.lang.Thread.run(Thread.java:829)
Caused by: chiseltest.internal.FailedExpectException: io_out_0_12_result_sign=1 (0x1) did not equal expected=0 (0x0) (lines in MatMul_spec.scala: 67, 66, 65, 24)
	... 18 more
</failure>
                    </testcase>
          <system-out><![CDATA[]]></system-out>
          <system-err><![CDATA[]]></system-err>
        </testsuite>