<?xml version='1.0' encoding='UTF-8'?>
<testsuite hostname="iccluster109" name="HbfpTest" tests="1" errors="0" failures="1" skipped="0" time="48.319" timestamp="2023-06-05T09:34:05">
          <properties>
[...]
</properties>
          <testcase classname="HbfpTest" name="Hbfp should compute the correct result" time="48.319">
                      <failure message="Error: Not in a UserModule. Likely cause: Missed Module() wrap, bare chisel API call, or attempting to construct hardware inside a BlackBox." type="chisel3.internal.ChiselException">chisel3.internal.ChiselException: Error: Not in a UserModule. Likely cause: Missed Module() wrap, bare chisel API call, or attempting to construct hardware inside a BlackBox.
	at chisel3.internal.throwException$.apply(Error.scala:169)
	at chisel3.internal.Builder$.forcedUserModule(Builder.scala:730)
	at chisel3.internal.Builder$.pushOp(Builder.scala:794)
	at chisel3.Bits.binop(Bits.scala:237)
	at chisel3.UInt.do_$plus$amp(Bits.scala:565)
	at chisel3.UInt.do_$plus$percent(Bits.scala:569)
	at chisel3.UInt.do_$plus(Bits.scala:505)
	at HbfpTest.$anonfun$new$25(multSpec.scala:200)
	at chisel3.internal.prefix$.apply(prefix.scala:48)
	at HbfpTest.$anonfun$new$24(multSpec.scala:200)
	at chisel3.internal.plugin.package$.autoNameRecursively(package.scala:33)
	at HbfpTest.$anonfun$new$3(multSpec.scala:200)
	at HbfpTest.$anonfun$new$3$adapted(multSpec.scala:176)
	at chiseltest.internal.GenericBackend.$anonfun$run$1(GenericBackend.scala:153)
	at chiseltest.internal.ThreadedBackend$TesterThread$$anon$1.$anonfun$run$1(ThreadedBackend.scala:495)
	at chiseltest.internal.GenericBackend.doTimescope(GenericBackend.scala:98)
	at chiseltest.internal.ThreadedBackend$TesterThread$$anon$1.run(ThreadedBackend.scala:495)
	at java.base/java.lang.Thread.run(Thread.java:829)
</failure>
                    </testcase>
          <system-out><![CDATA[]]></system-out>
          <system-err><![CDATA[]]></system-err>
        </testsuite>