[0m[[0m[0mdebug[0m] [0m[0mRunning TaskDef(MultiplicationSpec, org.scalatest.tools.Framework$$anon$1@8a28c79, false, [SuiteSelector])[0m
[0m[[0m[0minfo[0m] [0m[0m[32mMultiplicationSpec:[0m[0m
[0m[[0m[0minfo[0m] [0m[0m[32mmult[0m[0m
[0m[[0m[0minfo[0m] [0m[0m[31m- should pass *** FAILED ***[0m[0m
[0m[[0m[0minfo[0m] [0m[0m[31m  java.util.NoSuchElementException: None.get[0m[0m
[0m[[0m[0minfo[0m] [0m[0m[31m  at scala.None$.get(Option.scala:627)[0m[0m
[0m[[0m[0minfo[0m] [0m[0m[31m  at scala.None$.get(Option.scala:626)[0m[0m
[0m[[0m[0minfo[0m] [0m[0m[31m  at chisel3.Data.litValue(Data.scala:836)[0m[0m
[0m[[0m[0minfo[0m] [0m[0m[31m  at MultiplicationSpec.$anonfun$new$3(multSpec.scala:11)[0m[0m
[0m[[0m[0minfo[0m] [0m[0m[31m  at MultiplicationSpec.$anonfun$new$3$adapted(multSpec.scala:8)[0m[0m
[0m[[0m[0minfo[0m] [0m[0m[31m  at chiseltest.internal.GenericBackend.$anonfun$run$1(GenericBackend.scala:153)[0m[0m
[0m[[0m[0minfo[0m] [0m[0m[31m  at chiseltest.internal.ThreadedBackend$TesterThread$$anon$1.$anonfun$run$1(ThreadedBackend.scala:495)[0m[0m
[0m[[0m[0minfo[0m] [0m[0m[31m  at chiseltest.internal.GenericBackend.doTimescope(GenericBackend.scala:98)[0m[0m
[0m[[0m[0minfo[0m] [0m[0m[31m  at chiseltest.internal.ThreadedBackend$TesterThread$$anon$1.run(ThreadedBackend.scala:495)[0m[0m
[0m[[0m[0minfo[0m] [0m[0m[31m  at java.base/java.lang.Thread.run(Thread.java:829)[0m[0m
[0m[[0m[0minfo[0m] [0m[0m[31m  ...[0m[0m
[0m[[0m[0minfo[0m] [0m[0m[36mRun completed in 2 seconds, 940 milliseconds.[0m[0m
[0m[[0m[0minfo[0m] [0m[0m[36mTotal number of tests run: 1[0m[0m
[0m[[0m[0minfo[0m] [0m[0m[36mSuites: completed 1, aborted 0[0m[0m
[0m[[0m[0minfo[0m] [0m[0m[36mTests: succeeded 0, failed 1, canceled 0, ignored 0, pending 0[0m[0m
[0m[[0m[0minfo[0m] [0m[0m[31m*** 1 TEST FAILED ***[0m[0m
[0m[[0m[31merror[0m] [0m[0mFailed tests:[0m
[0m[[0m[31merror[0m] [0m[0m	MultiplicationSpec[0m
[0m[[0m[31merror[0m] [0m[0m(Test / [31mtest[0m) sbt.TestsFailedException: Tests unsuccessful[0m
